<?xml version="1.0" encoding="utf-8"?>
<shfbBuild product="Sandcastle Help File Builder and Tools" version="2022.8.14.1" projectFile="C:\Users\kuban\source\repos\InMemoryDB\InMemoryDB\Docs.shfbproj" started="23.09.2022 8:59:08">
<buildStep step="Initializing">
The Sandcastle tools are located in &#39;C:\Program Files (x86)\EWSoftware\Sandcastle Help File Builder&#39;
Locating components in the following folder(s):
    C:\Users\kuban\source\repos\InMemoryDB\InMemoryDB
    C:\ProgramData\EWSoftware\Sandcastle Help File Builder\Components and Plug-Ins
    C:\Program Files (x86)\EWSoftware\Sandcastle Help File Builder\Components
Using framework reflection data for &#39;.NET Core/.NET Standard/.NET 5.0+&#39; located in &#39;C:\Program Files (x86)\EWSoftware\Sandcastle Help File Builder\Data\.NET&#39;
Using presentation style &#39;Default2022&#39; located in &#39;C:\Program Files (x86)\EWSoftware\Sandcastle Help File Builder\Components\Default2022&#39;
Loading and initializing plug-ins...
Website Table of Contents Generator Version 2022.8.14.1
Copyright &#169; 2006-2022, Eric Woodruff, All Rights Reserved
-------------------------------
Clearing any prior web/markdown output...
</buildStep>
<buildStep step="ValidatingDocumentationSources">
Validating and copying documentation source information
Source: C:\Users\kuban\source\repos\InMemoryDB\InMemoryDB\obj\Debug\net6.0\InMemoryDB.xml
Source: C:\Users\kuban\source\repos\InMemoryDB\InMemoryDB\obj\Debug\net6.0\InMemoryDB.dll
    Found assembly &#39;C:\Users\kuban\source\repos\InMemoryDB\InMemoryDB\obj\Debug\net6.0\InMemoryDB.dll&#39;

Copying XML comments files
    C:\Users\kuban\source\repos\InMemoryDB\InMemoryDB\obj\Debug\net6.0\InMemoryDB.xml -&gt; C:\Users\kuban\source\repos\InMemoryDB\InMemoryDB\HtmlHelp\Working\InMemoryDB.xml
</buildStep>
<buildStep step="GenerateSharedContent">
Generating shared content files (en-US, Angličtina (Spojen&#233; st&#225;ty))...
    Last step completed in 00:00:00,0020
</buildStep>
<buildStep step="GenerateApiFilter">
Generating API filter for MRefBuilder...
    Last step completed in 00:00:00,0040
</buildStep>
<buildStep step="GenerateReflectionInfo">
Generating reflection information...
[C:\Program Files\Microsoft Visual Studio\2022\Community\MSBuild\Current\Bin\amd64\MSBuild.exe - GenerateRefInfo-0503c713-32a7-4fe6-ae28-4ec785b50ac4.proj]
Vytv&#160;&#253;enˇ sestavenˇ bylo zah&#160;jeno 23.09.2022 8:59:09.
Projekt C:\Users\kuban\source\repos\InMemoryDB\InMemoryDB\HtmlHelp\Working\GenerateRefInfo-0503c713-32a7-4fe6-ae28-4ec785b50ac4.proj v uzlu 1 (věchozˇ cˇle).
PrepareForBuild:
  Probˇh&#160; vytv&#160;&#253;enˇ adres&#160;&#253;e obj\Debug\.
GenerateBindingRedirects:
  &#233;kol ResolveAssemblyReferences nevr&#160;til &#167;&#160;dn‚ n&#160;vrhy na p&#253;esmŘrov&#160;nˇ vazeb.
GenerateRefInfo:
  Microsoft.Build (v17.1.0+ae57d105c6094d8d59fe42f557ad0dcb46ec285e)
  c Microsoft Corporation. All rights reserved.
  No source code context base path specified.  Source context information is unavailable.
  Loaded 1 assemblies for reflection and 1 dependency assemblies.
  Using framework redirect &#39;System.Linq.Expressions, Version=5.0.0.0, Culture=neutral, PublicKeyToken=b03f5f7f11d50a3a&#39; in place of &#39;System.Linq.Expressions, Version=6.0.0.0, Culture=neutral, PublicKeyToken=b03f5f7f11d50a3a&#39;
  Using framework redirect &#39;System.Collections, Version=5.0.0.0, Culture=neutral, PublicKeyToken=b03f5f7f11d50a3a&#39; in place of &#39;System.Collections, Version=6.0.0.0, Culture=neutral, PublicKeyToken=b03f5f7f11d50a3a&#39;
  Wrote information on 1 namespaces, 7 types, and 48 members
  Merging duplicate type and member information
  Merged 0 duplicate type(s) and 0 duplicate member(s)
Sestavenˇ projektu C:\Users\kuban\source\repos\InMemoryDB\InMemoryDB\HtmlHelp\Working\GenerateRefInfo-0503c713-32a7-4fe6-ae28-4ec785b50ac4.proj (s věchozˇmi cˇli) bylo dokonźeno.
    Last step completed in 00:00:00,6227
</buildStep>
<buildStep step="ApplyDocumentModel">
Applying document model to reflection output...
    Last step completed in 00:00:00,0160
</buildStep>
<buildStep step="AddApiTopicFilenames">
Adding topic filenames to API members...
    Last step completed in 00:00:00,0150
</buildStep>
<buildStep step="GenerateApiTopicManifest">
Generating API topic manifest...
    Last step completed in 00:00:00,0150
</buildStep>
<buildStep step="GenerateNamespaceSummaries">
Generating namespace summary information...
    Last step completed in 00:00:00,0020
</buildStep>
<buildStep step="CopyAdditionalContent">
Copying additional content files...
No additional content to copy
    Last step completed in 00:00:00,0000
</buildStep>
<buildStep step="MergeTablesOfContents">
Merging conceptual and additional tables of contents...
    Last step completed in 00:00:00,0000
</buildStep>
<buildStep step="GenerateIntermediateTableOfContents">
Generating intermediate table of contents file for API content...
Generating conceptual content intermediate TOC file...
    Last step completed in 00:00:00,0120
</buildStep>
<buildStep step="CreateBuildAssemblerConfigs">
Creating Sandcastle configuration files...
    Last step completed in 00:00:00,0608
</buildStep>
<buildStep step="CombiningIntermediateTocFiles">
Combining conceptual and API intermediate TOC files...
    Last step completed in 00:00:00,0010
</buildStep>
<buildStep step="MergeCustomConfigs">
Merging custom build component configurations
C:\Users\kuban\source\repos\InMemoryDB\InMemoryDB\HtmlHelp\Working\BuildAssembler.config
  Updating reference topic configurations.
  No conceptual content.  Removing conceptual content components.
    Last step completed in 00:00:00,0170
</buildStep>
<buildStep step="BuildTopics">
Building help topics...
<plugIn name="Website Table of Contents Generator" behavior="Before" priority="1000">
Loading TOC info and adding unique IDs to parent nodes
</plugIn>Loading configuration...
Processing topics...
SHFB: Warning BE0066: ShowMissingComponent: [N:InMemoryDB] Missing &lt;summary&gt; documentation
SHFB: Warning BE0066: ShowMissingComponent: [F:InMemoryDB.Db._columns] Missing &lt;summary&gt; documentation
SHFB: Warning BE0066: ShowMissingComponent: [F:InMemoryDB.Db._empty] Missing &lt;summary&gt; documentation
SHFB: Warning BE0066: ShowMissingComponent: [F:InMemoryDB.Db._fields] Missing &lt;summary&gt; documentation
SHFB: Warning BE0066: ShowMissingComponent: [F:InMemoryDB.Db._indexes] Missing &lt;summary&gt; documentation
SHFB: Warning BE0066: ResolveReferenceLinksComponent: [F:InMemoryDB.Db._indexes] Unknown reference link target &#39;T:InMemoryDB.BST&#39;.
SHFB: Warning BE0066: ShowMissingComponent: [F:InMemoryDB.Db._records] Missing &lt;summary&gt; documentation
SHFB: Warning BE0066: ShowMissingComponent: [M:InMemoryDB.Db.FieldConvertor.GetField(System.Boolean)] Missing &lt;summary&gt; documentation
SHFB: Warning BE0066: ShowMissingComponent: [M:InMemoryDB.Db.FieldConvertor.GetField(System.Boolean)] Missing &lt;returns&gt; documentation
SHFB: Warning BE0066: ShowMissingComponent: [M:InMemoryDB.Db.FieldConvertor.GetField(System.Boolean)] Missing &lt;param name=&quot;val&quot;/&gt; documentation
SHFB: Warning BE0066: ShowMissingComponent: [M:InMemoryDB.Db.FieldConvertor.GetField(System.Double)] Missing &lt;summary&gt; documentation
SHFB: Warning BE0066: ShowMissingComponent: [M:InMemoryDB.Db.FieldConvertor.GetField(System.Double)] Missing &lt;returns&gt; documentation
SHFB: Warning BE0066: ShowMissingComponent: [M:InMemoryDB.Db.FieldConvertor.GetField(System.Double)] Missing &lt;param name=&quot;val&quot;/&gt; documentation
SHFB: Warning BE0066: ShowMissingComponent: [M:InMemoryDB.Db.FieldConvertor.GetField(System.Char)] Missing &lt;summary&gt; documentation
SHFB: Warning BE0066: ShowMissingComponent: [M:InMemoryDB.Db.FieldConvertor.GetField(System.Char)] Missing &lt;returns&gt; documentation
SHFB: Warning BE0066: ShowMissingComponent: [M:InMemoryDB.Db.FieldConvertor.GetField(System.Char)] Missing &lt;param name=&quot;val&quot;/&gt; documentation
SHFB: Warning BE0066: ShowMissingComponent: [M:InMemoryDB.Db.FieldConvertor.GetField(System.Int32)] Missing &lt;summary&gt; documentation
SHFB: Warning BE0066: ShowMissingComponent: [M:InMemoryDB.Db.FieldConvertor.GetField(System.Int32)] Missing &lt;returns&gt; documentation
SHFB: Warning BE0066: ShowMissingComponent: [M:InMemoryDB.Db.FieldConvertor.GetField(System.Int32)] Missing &lt;param name=&quot;val&quot;/&gt; documentation
SHFB: Warning BE0066: ShowMissingComponent: [M:InMemoryDB.Db.FieldConvertor.GetField(System.Single)] Missing &lt;summary&gt; documentation
SHFB: Warning BE0066: ShowMissingComponent: [M:InMemoryDB.Db.FieldConvertor.GetField(System.Single)] Missing &lt;returns&gt; documentation
SHFB: Warning BE0066: ShowMissingComponent: [M:InMemoryDB.Db.FieldConvertor.GetField(System.Single)] Missing &lt;param name=&quot;val&quot;/&gt; documentation
SHFB: Warning BE0066: ShowMissingComponent: [M:InMemoryDB.Db.FieldConvertor.GetField(System.String)] Missing &lt;summary&gt; documentation
SHFB: Warning BE0066: ShowMissingComponent: [M:InMemoryDB.Db.FieldConvertor.GetField(System.String)] Missing &lt;returns&gt; documentation
SHFB: Warning BE0066: ShowMissingComponent: [M:InMemoryDB.Db.FieldConvertor.GetField(System.String)] Missing &lt;param name=&quot;val&quot;/&gt; documentation
SHFB: Warning BE0066: ShowMissingComponent: [M:InMemoryDB.Db.FieldConvertor.GetField``1(``0)] Missing &lt;summary&gt; documentation
SHFB: Warning BE0066: ShowMissingComponent: [M:InMemoryDB.Db.FieldConvertor.GetField``1(``0)] Missing &lt;typeparam name=&quot;T&quot;/&gt; documentation
SHFB: Warning BE0066: ShowMissingComponent: [M:InMemoryDB.Db.FieldConvertor.GetField``1(``0)] Missing &lt;returns&gt; documentation
SHFB: Warning BE0066: ShowMissingComponent: [M:InMemoryDB.Db.FieldConvertor.GetField``1(``0)] Missing &lt;param name=&quot;val&quot;/&gt; documentation
SHFB: Warning BE0066: ShowMissingComponent: [F:InMemoryDB.Db.RecordWrapper._db] Missing &lt;summary&gt; documentation
SHFB: Warning BE0066: ShowMissingComponent: [F:InMemoryDB.Db.RecordWrapper._record] Missing &lt;summary&gt; documentation
SHFB: Warning BE0066: ShowMissingComponent: [M:InMemoryDB.Db.RecordWrapper.GetDynamicMemberNames] Missing &lt;summary&gt; documentation
SHFB: Warning BE0066: ShowMissingComponent: [M:InMemoryDB.Db.RecordWrapper.GetDynamicMemberNames] Missing &lt;returns&gt; documentation
SHFB: Warning BE0066: ShowMissingComponent: [M:InMemoryDB.Db.RecordWrapper.TryGetMember(System.Dynamic.GetMemberBinder,System.Object@)] Missing &lt;summary&gt; documentation
SHFB: Warning BE0066: ShowMissingComponent: [M:InMemoryDB.Db.RecordWrapper.TryGetMember(System.Dynamic.GetMemberBinder,System.Object@)] Missing &lt;returns&gt; documentation
SHFB: Warning BE0066: ShowMissingComponent: [M:InMemoryDB.Db.RecordWrapper.TryGetMember(System.Dynamic.GetMemberBinder,System.Object@)] Missing &lt;param name=&quot;binder&quot;/&gt; documentation
SHFB: Warning BE0066: ShowMissingComponent: [M:InMemoryDB.Db.RecordWrapper.TryGetMember(System.Dynamic.GetMemberBinder,System.Object@)] Missing &lt;param name=&quot;result&quot;/&gt; documentation
SHFB: Warning BE0066: ShowMissingComponent: [M:InMemoryDB.Db.RecordWrapper.TrySetMember(System.Dynamic.SetMemberBinder,System.Object)] Missing &lt;summary&gt; documentation
SHFB: Warning BE0066: ShowMissingComponent: [M:InMemoryDB.Db.RecordWrapper.TrySetMember(System.Dynamic.SetMemberBinder,System.Object)] Missing &lt;returns&gt; documentation
SHFB: Warning BE0066: ShowMissingComponent: [M:InMemoryDB.Db.RecordWrapper.TrySetMember(System.Dynamic.SetMemberBinder,System.Object)] Missing &lt;param name=&quot;binder&quot;/&gt; documentation
SHFB: Warning BE0066: ShowMissingComponent: [M:InMemoryDB.Db.RecordWrapper.TrySetMember(System.Dynamic.SetMemberBinder,System.Object)] Missing &lt;param name=&quot;value&quot;/&gt; documentation
SHFB: Warning BE0066: ShowMissingComponent: [M:InMemoryDB.Field`1.Equals(System.Object)] Missing &lt;summary&gt; documentation
SHFB: Warning BE0066: ShowMissingComponent: [M:InMemoryDB.Field`1.Equals(System.Object)] Missing &lt;returns&gt; documentation
SHFB: Warning BE0066: ShowMissingComponent: [M:InMemoryDB.Field`1.Equals(System.Object)] Missing &lt;param name=&quot;o&quot;/&gt; documentation
SHFB: Warning BE0066: ShowMissingComponent: [M:InMemoryDB.Field`1.GetHashCode] Missing &lt;summary&gt; documentation
SHFB: Warning BE0066: ShowMissingComponent: [M:InMemoryDB.Field`1.GetHashCode] Missing &lt;returns&gt; documentation
SHFB: Warning BE0066: ShowMissingComponent: [M:InMemoryDB.Field`1.op_Equality(InMemoryDB.Field{`0},InMemoryDB.Field{`0})] Missing &lt;summary&gt; documentation
SHFB: Warning BE0066: ShowMissingComponent: [M:InMemoryDB.Field`1.op_Equality(InMemoryDB.Field{`0},InMemoryDB.Field{`0})] Missing &lt;returns&gt; documentation
SHFB: Warning BE0066: ShowMissingComponent: [M:InMemoryDB.Field`1.op_Equality(InMemoryDB.Field{`0},InMemoryDB.Field{`0})] Missing &lt;param name=&quot;a&quot;/&gt; documentation
SHFB: Warning BE0066: ShowMissingComponent: [M:InMemoryDB.Field`1.op_Equality(InMemoryDB.Field{`0},InMemoryDB.Field{`0})] Missing &lt;param name=&quot;b&quot;/&gt; documentation
SHFB: Warning BE0066: ShowMissingComponent: [M:InMemoryDB.Field`1.op_Inequality(InMemoryDB.Field{`0},InMemoryDB.Field{`0})] Missing &lt;summary&gt; documentation
SHFB: Warning BE0066: ShowMissingComponent: [M:InMemoryDB.Field`1.op_Inequality(InMemoryDB.Field{`0},InMemoryDB.Field{`0})] Missing &lt;returns&gt; documentation
SHFB: Warning BE0066: ShowMissingComponent: [M:InMemoryDB.Field`1.op_Inequality(InMemoryDB.Field{`0},InMemoryDB.Field{`0})] Missing &lt;param name=&quot;a&quot;/&gt; documentation
SHFB: Warning BE0066: ShowMissingComponent: [M:InMemoryDB.Field`1.op_Inequality(InMemoryDB.Field{`0},InMemoryDB.Field{`0})] Missing &lt;param name=&quot;b&quot;/&gt; documentation
SHFB: Warning BE0066: ShowMissingComponent: [T:InMemoryDB.ITree`1] Missing &lt;typeparam name=&quot;T&quot;/&gt; documentation
SHFB: Warning BE0066: ShowMissingComponent: [M:InMemoryDB.ITree`1.Find(`0)] Missing &lt;summary&gt; documentation
SHFB: Warning BE0066: ShowMissingComponent: [M:InMemoryDB.ITree`1.Find(`0)] Missing &lt;returns&gt; documentation
SHFB: Warning BE0066: ShowMissingComponent: [M:InMemoryDB.ITree`1.Find(`0)] Missing &lt;param name=&quot;value&quot;/&gt; documentation
SHFB: Warning BE0066: ShowMissingComponent: [M:InMemoryDB.ITree`1.FindAll(`0)] Missing &lt;summary&gt; documentation
SHFB: Warning BE0066: ShowMissingComponent: [M:InMemoryDB.ITree`1.FindAll(`0)] Missing &lt;returns&gt; documentation
SHFB: Warning BE0066: ShowMissingComponent: [M:InMemoryDB.ITree`1.FindAll(`0)] Missing &lt;param name=&quot;value&quot;/&gt; documentation
Processed 70 topic(s)
61 warning(s)
CopyFromIndexComponent: &quot;reflection&quot; in-memory cache entries used: 4 of 15.
CopyFromIndexComponent: &quot;comments&quot; in-memory cache entries used: 3 of 30.
ResolveReferenceLinksComponent: 1 entries added to the member ID URL cache.  New cache size: 37 entries
<plugIn name="Website Table of Contents Generator" behavior="After" priority="1000">
Generating TOC fragment files
</plugIn>    Last step completed in 00:00:02,3044
</buildStep>
<buildStep step="CopyStandardHelpContent">
Copying standard help content...
C:\Program Files (x86)\EWSoftware\Sandcastle Help File Builder\Components\Default2022\css\bulma.css -&gt; C:\Users\kuban\source\repos\InMemoryDB\InMemoryDB\HtmlHelp\Working\Output\Website\css\bulma.css
C:\Program Files (x86)\EWSoftware\Sandcastle Help File Builder\Components\Default2022\css\bulma.css.map -&gt; C:\Users\kuban\source\repos\InMemoryDB\InMemoryDB\HtmlHelp\Working\Output\Website\css\bulma.css.map
C:\Program Files (x86)\EWSoftware\Sandcastle Help File Builder\Components\Default2022\css\bulma.min.css -&gt; C:\Users\kuban\source\repos\InMemoryDB\InMemoryDB\HtmlHelp\Working\Output\Website\css\bulma.min.css
C:\Program Files (x86)\EWSoftware\Sandcastle Help File Builder\Components\Default2022\css\font-awesome.css -&gt; C:\Users\kuban\source\repos\InMemoryDB\InMemoryDB\HtmlHelp\Working\Output\Website\css\font-awesome.css
C:\Program Files (x86)\EWSoftware\Sandcastle Help File Builder\Components\Default2022\css\font-awesome.min.css -&gt; C:\Users\kuban\source\repos\InMemoryDB\InMemoryDB\HtmlHelp\Working\Output\Website\css\font-awesome.min.css
C:\Program Files (x86)\EWSoftware\Sandcastle Help File Builder\Components\Default2022\css\ja-JP.css -&gt; C:\Users\kuban\source\repos\InMemoryDB\InMemoryDB\HtmlHelp\Working\Output\Website\css\ja-JP.css
C:\Program Files (x86)\EWSoftware\Sandcastle Help File Builder\Components\Default2022\css\ko-KR.css -&gt; C:\Users\kuban\source\repos\InMemoryDB\InMemoryDB\HtmlHelp\Working\Output\Website\css\ko-KR.css
C:\Program Files (x86)\EWSoftware\Sandcastle Help File Builder\Components\Default2022\css\presentationStyle.css -&gt; C:\Users\kuban\source\repos\InMemoryDB\InMemoryDB\HtmlHelp\Working\Output\Website\css\presentationStyle.css
C:\Program Files (x86)\EWSoftware\Sandcastle Help File Builder\Components\Default2022\css\vs.min.css -&gt; C:\Users\kuban\source\repos\InMemoryDB\InMemoryDB\HtmlHelp\Working\Output\Website\css\vs.min.css
C:\Program Files (x86)\EWSoftware\Sandcastle Help File Builder\Components\Default2022\css\zh-CN.css -&gt; C:\Users\kuban\source\repos\InMemoryDB\InMemoryDB\HtmlHelp\Working\Output\Website\css\zh-CN.css
C:\Program Files (x86)\EWSoftware\Sandcastle Help File Builder\Components\Default2022\css\zh-TW.css -&gt; C:\Users\kuban\source\repos\InMemoryDB\InMemoryDB\HtmlHelp\Working\Output\Website\css\zh-TW.css
C:\Program Files (x86)\EWSoftware\Sandcastle Help File Builder\Components\Default2022\icons\favicon.ico -&gt; C:\Users\kuban\source\repos\InMemoryDB\InMemoryDB\HtmlHelp\Working\Output\Website\icons\favicon.ico
C:\Program Files (x86)\EWSoftware\Sandcastle Help File Builder\Components\Default2022\scripts\clipboard.min.js -&gt; C:\Users\kuban\source\repos\InMemoryDB\InMemoryDB\HtmlHelp\Working\Output\Website\scripts\clipboard.min.js
C:\Program Files (x86)\EWSoftware\Sandcastle Help File Builder\Components\Default2022\scripts\highlight.min.js -&gt; C:\Users\kuban\source\repos\InMemoryDB\InMemoryDB\HtmlHelp\Working\Output\Website\scripts\highlight.min.js
C:\Program Files (x86)\EWSoftware\Sandcastle Help File Builder\Components\Default2022\scripts\jquery-3.5.1.min.js -&gt; C:\Users\kuban\source\repos\InMemoryDB\InMemoryDB\HtmlHelp\Working\Output\Website\scripts\jquery-3.5.1.min.js
C:\Program Files (x86)\EWSoftware\Sandcastle Help File Builder\Components\Default2022\scripts\presentationStyle.js -&gt; C:\Users\kuban\source\repos\InMemoryDB\InMemoryDB\HtmlHelp\Working\Output\Website\scripts\presentationStyle.js
C:\Program Files (x86)\EWSoftware\Sandcastle Help File Builder\Components\Default2022\webfonts\fa-brands-400.ttf -&gt; C:\Users\kuban\source\repos\InMemoryDB\InMemoryDB\HtmlHelp\Working\Output\Website\webfonts\fa-brands-400.ttf
C:\Program Files (x86)\EWSoftware\Sandcastle Help File Builder\Components\Default2022\webfonts\fa-brands-400.woff2 -&gt; C:\Users\kuban\source\repos\InMemoryDB\InMemoryDB\HtmlHelp\Working\Output\Website\webfonts\fa-brands-400.woff2
C:\Program Files (x86)\EWSoftware\Sandcastle Help File Builder\Components\Default2022\webfonts\fa-regular-400.ttf -&gt; C:\Users\kuban\source\repos\InMemoryDB\InMemoryDB\HtmlHelp\Working\Output\Website\webfonts\fa-regular-400.ttf
C:\Program Files (x86)\EWSoftware\Sandcastle Help File Builder\Components\Default2022\webfonts\fa-regular-400.woff2 -&gt; C:\Users\kuban\source\repos\InMemoryDB\InMemoryDB\HtmlHelp\Working\Output\Website\webfonts\fa-regular-400.woff2
C:\Program Files (x86)\EWSoftware\Sandcastle Help File Builder\Components\Default2022\webfonts\fa-solid-900.ttf -&gt; C:\Users\kuban\source\repos\InMemoryDB\InMemoryDB\HtmlHelp\Working\Output\Website\webfonts\fa-solid-900.ttf
C:\Program Files (x86)\EWSoftware\Sandcastle Help File Builder\Components\Default2022\webfonts\fa-solid-900.woff2 -&gt; C:\Users\kuban\source\repos\InMemoryDB\InMemoryDB\HtmlHelp\Working\Output\Website\webfonts\fa-solid-900.woff2
C:\Program Files (x86)\EWSoftware\Sandcastle Help File Builder\Components\Default2022\webfonts\fa-v4compatibility.ttf -&gt; C:\Users\kuban\source\repos\InMemoryDB\InMemoryDB\HtmlHelp\Working\Output\Website\webfonts\fa-v4compatibility.ttf
C:\Program Files (x86)\EWSoftware\Sandcastle Help File Builder\Components\Default2022\webfonts\fa-v4compatibility.woff2 -&gt; C:\Users\kuban\source\repos\InMemoryDB\InMemoryDB\HtmlHelp\Working\Output\Website\webfonts\fa-v4compatibility.woff2
C:\Program Files (x86)\EWSoftware\Sandcastle Help File Builder\Components\Default2022\RootWebsiteContent\GeneralError.html -&gt; C:\Users\kuban\source\repos\InMemoryDB\InMemoryDB\HtmlHelp\Working\Output\Website\GeneralError.html
C:\Program Files (x86)\EWSoftware\Sandcastle Help File Builder\Components\Default2022\RootWebsiteContent\index.html -&gt; C:\Users\kuban\source\repos\InMemoryDB\InMemoryDB\HtmlHelp\Working\Output\Website\index.html
C:\Program Files (x86)\EWSoftware\Sandcastle Help File Builder\Components\Default2022\RootWebsiteContent\PageNotFound.html -&gt; C:\Users\kuban\source\repos\InMemoryDB\InMemoryDB\HtmlHelp\Working\Output\Website\PageNotFound.html
C:\Program Files (x86)\EWSoftware\Sandcastle Help File Builder\Components\Default2022\RootWebsiteContent\search.html -&gt; C:\Users\kuban\source\repos\InMemoryDB\InMemoryDB\HtmlHelp\Working\Output\Website\search.html
C:\Program Files (x86)\EWSoftware\Sandcastle Help File Builder\Components\Default2022\RootWebsiteContent\SearchHelp.aspx -&gt; C:\Users\kuban\source\repos\InMemoryDB\InMemoryDB\HtmlHelp\Working\Output\Website\SearchHelp.aspx
C:\Program Files (x86)\EWSoftware\Sandcastle Help File Builder\Components\Default2022\RootWebsiteContent\SearchHelp.inc.php -&gt; C:\Users\kuban\source\repos\InMemoryDB\InMemoryDB\HtmlHelp\Working\Output\Website\SearchHelp.inc.php
C:\Program Files (x86)\EWSoftware\Sandcastle Help File Builder\Components\Default2022\RootWebsiteContent\SearchHelp.php -&gt; C:\Users\kuban\source\repos\InMemoryDB\InMemoryDB\HtmlHelp\Working\Output\Website\SearchHelp.php
C:\Program Files (x86)\EWSoftware\Sandcastle Help File Builder\Components\Default2022\RootWebsiteContent\Web.Config -&gt; C:\Users\kuban\source\repos\InMemoryDB\InMemoryDB\HtmlHelp\Working\Output\Website\Web.Config
    Last step completed in 00:00:00,0628
</buildStep>
<buildStep step="GenerateFullTextIndex">
Generating full-text index for the website...

    Last step completed in 00:00:00,0539
</buildStep>
<buildStep step="CopyingWebsiteFiles">
Copying website files to output folder...

Copied 152 files for the website content
    Last step completed in 00:00:00,2842
</buildStep>
<buildStep step="CleanIntermediates">
Removing intermediate files...
    Last step completed in 00:00:00,0239
</buildStep>
<buildStep step="Completed">

Build completed successfully at 23.09.2022 8:59:12.  Total time: 00:00:03,9051

</buildStep>
</shfbBuild>
