<?xml version="1.0" encoding="utf-8"?>
<shfbBuild product="Sandcastle Help File Builder and Tools" version="2022.8.14.1" projectFile="C:\Users\kuban\source\repos\InMemoryDB\InMemoryDB\Docs.shfbproj" started="23.09.2022 7:17:23">
<buildStep step="Initializing">
The Sandcastle tools are located in &#39;C:\Program Files (x86)\EWSoftware\Sandcastle Help File Builder&#39;
Locating components in the following folder(s):
    C:\Users\kuban\source\repos\InMemoryDB\InMemoryDB
    C:\ProgramData\EWSoftware\Sandcastle Help File Builder\Components and Plug-Ins
    C:\Program Files (x86)\EWSoftware\Sandcastle Help File Builder\Components
Using framework reflection data for &#39;.NET Core/.NET Standard/.NET 5.0+&#39; located in &#39;C:\Program Files (x86)\EWSoftware\Sandcastle Help File Builder\Data\.NET&#39;
Using presentation style &#39;Markdown&#39; located in &#39;C:\Program Files (x86)\EWSoftware\Sandcastle Help File Builder\Components\Markdown&#39;
-------------------------------
Clearing any prior web/markdown output...
</buildStep>
<buildStep step="ValidatingDocumentationSources">
Validating and copying documentation source information
Source: C:\Users\kuban\source\repos\InMemoryDB\InMemoryDB\obj\Debug\net6.0\InMemoryDB.xml
Source: C:\Users\kuban\source\repos\InMemoryDB\InMemoryDB\obj\Debug\net6.0\InMemoryDB.dll
    Found assembly &#39;C:\Users\kuban\source\repos\InMemoryDB\InMemoryDB\obj\Debug\net6.0\InMemoryDB.dll&#39;

Copying XML comments files
    C:\Users\kuban\source\repos\InMemoryDB\InMemoryDB\obj\Debug\net6.0\InMemoryDB.xml -&gt; C:\Users\kuban\source\repos\InMemoryDB\InMemoryDB\Help\Working\InMemoryDB.xml
</buildStep>
<buildStep step="GenerateSharedContent">
Generating shared content files (en-US, Angličtina (Spojen&#233; st&#225;ty))...
    Last step completed in 00:00:00,0050
</buildStep>
<buildStep step="GenerateApiFilter">
Generating API filter for MRefBuilder...
    Last step completed in 00:00:00,0075
</buildStep>
<buildStep step="GenerateReflectionInfo">
Generating reflection information...
[C:\Program Files\Microsoft Visual Studio\2022\Community\MSBuild\Current\Bin\amd64\MSBuild.exe - GenerateRefInfo-9faf115f-a041-47ee-af8b-70bb583b3755.proj]
Vytv&#160;&#253;enˇ sestavenˇ bylo zah&#160;jeno 23.09.2022 7:17:24.
Projekt C:\Users\kuban\source\repos\InMemoryDB\InMemoryDB\Help\Working\GenerateRefInfo-9faf115f-a041-47ee-af8b-70bb583b3755.proj v uzlu 1 (věchozˇ cˇle).
PrepareForBuild:
  Probˇh&#160; vytv&#160;&#253;enˇ adres&#160;&#253;e obj\Debug\.
GenerateBindingRedirects:
  &#233;kol ResolveAssemblyReferences nevr&#160;til &#167;&#160;dn‚ n&#160;vrhy na p&#253;esmŘrov&#160;nˇ vazeb.
GenerateRefInfo:
  Microsoft.Build (v17.1.0+ae57d105c6094d8d59fe42f557ad0dcb46ec285e)
  c Microsoft Corporation. All rights reserved.
  No source code context base path specified.  Source context information is unavailable.
  Loaded 1 assemblies for reflection and 1 dependency assemblies.
  Using framework redirect &#39;System.Linq.Expressions, Version=5.0.0.0, Culture=neutral, PublicKeyToken=b03f5f7f11d50a3a&#39; in place of &#39;System.Linq.Expressions, Version=6.0.0.0, Culture=neutral, PublicKeyToken=b03f5f7f11d50a3a&#39;
  Using framework redirect &#39;System.Collections, Version=5.0.0.0, Culture=neutral, PublicKeyToken=b03f5f7f11d50a3a&#39; in place of &#39;System.Collections, Version=6.0.0.0, Culture=neutral, PublicKeyToken=b03f5f7f11d50a3a&#39;
  Wrote information on 1 namespaces, 5 types, and 28 members
  Merging duplicate type and member information
  Merged 0 duplicate type(s) and 0 duplicate member(s)
Sestavenˇ projektu C:\Users\kuban\source\repos\InMemoryDB\InMemoryDB\Help\Working\GenerateRefInfo-9faf115f-a041-47ee-af8b-70bb583b3755.proj (s věchozˇmi cˇli) bylo dokonźeno.
    Last step completed in 00:00:00,7152
</buildStep>
<buildStep step="ApplyDocumentModel">
Applying document model to reflection output...
    Last step completed in 00:00:00,0489
</buildStep>
<buildStep step="AddApiTopicFilenames">
Adding topic filenames to API members...
    Last step completed in 00:00:00,0209
</buildStep>
<buildStep step="GenerateApiTopicManifest">
Generating API topic manifest...
    Last step completed in 00:00:00,0150
</buildStep>
<buildStep step="GenerateNamespaceSummaries">
Generating namespace summary information...
    Last step completed in 00:00:00,0180
</buildStep>
<buildStep step="CopyAdditionalContent">
Copying additional content files...
No additional content to copy
    Last step completed in 00:00:00,0020
</buildStep>
<buildStep step="MergeTablesOfContents">
Merging conceptual and additional tables of contents...
    Last step completed in 00:00:00,0000
</buildStep>
<buildStep step="GenerateIntermediateTableOfContents">
Generating intermediate table of contents file for API content...
Generating conceptual content intermediate TOC file...
    Last step completed in 00:00:00,0259
</buildStep>
<buildStep step="CreateBuildAssemblerConfigs">
Creating Sandcastle configuration files...
    Last step completed in 00:00:00,0868
</buildStep>
<buildStep step="CombiningIntermediateTocFiles">
Combining conceptual and API intermediate TOC files...
    Last step completed in 00:00:00,0100
</buildStep>
<buildStep step="MergeCustomConfigs">
Merging custom build component configurations
C:\Users\kuban\source\repos\InMemoryDB\InMemoryDB\Help\Working\BuildAssembler.config
  Updating reference topic configurations.
  No conceptual content.  Removing conceptual content components.
    Last step completed in 00:00:00,0179
</buildStep>
<buildStep step="BuildTopics">
Building help topics...
Loading configuration...
Processing topics...
SHFB: Warning BE0066: ShowMissingComponent: [N:InMemoryDB] Missing &lt;summary&gt; documentation
SHFB: Warning BE0066: ShowMissingComponent: [M:InMemoryDB.Db.RecordWrapper.GetDynamicMemberNames] Missing &lt;summary&gt; documentation
SHFB: Warning BE0066: ShowMissingComponent: [M:InMemoryDB.Db.RecordWrapper.GetDynamicMemberNames] Missing &lt;returns&gt; documentation
SHFB: Warning BE0066: ShowMissingComponent: [M:InMemoryDB.Db.RecordWrapper.TryGetMember(System.Dynamic.GetMemberBinder,System.Object@)] Missing &lt;summary&gt; documentation
SHFB: Warning BE0066: ShowMissingComponent: [M:InMemoryDB.Db.RecordWrapper.TryGetMember(System.Dynamic.GetMemberBinder,System.Object@)] Missing &lt;returns&gt; documentation
SHFB: Warning BE0066: ShowMissingComponent: [M:InMemoryDB.Db.RecordWrapper.TryGetMember(System.Dynamic.GetMemberBinder,System.Object@)] Missing &lt;param name=&quot;binder&quot;/&gt; documentation
SHFB: Warning BE0066: ShowMissingComponent: [M:InMemoryDB.Db.RecordWrapper.TryGetMember(System.Dynamic.GetMemberBinder,System.Object@)] Missing &lt;param name=&quot;result&quot;/&gt; documentation
SHFB: Warning BE0066: ShowMissingComponent: [M:InMemoryDB.Db.RecordWrapper.TrySetMember(System.Dynamic.SetMemberBinder,System.Object)] Missing &lt;summary&gt; documentation
SHFB: Warning BE0066: ShowMissingComponent: [M:InMemoryDB.Db.RecordWrapper.TrySetMember(System.Dynamic.SetMemberBinder,System.Object)] Missing &lt;returns&gt; documentation
SHFB: Warning BE0066: ShowMissingComponent: [M:InMemoryDB.Db.RecordWrapper.TrySetMember(System.Dynamic.SetMemberBinder,System.Object)] Missing &lt;param name=&quot;binder&quot;/&gt; documentation
SHFB: Warning BE0066: ShowMissingComponent: [M:InMemoryDB.Db.RecordWrapper.TrySetMember(System.Dynamic.SetMemberBinder,System.Object)] Missing &lt;param name=&quot;value&quot;/&gt; documentation
SHFB: Warning BE0066: ShowMissingComponent: [M:InMemoryDB.Field`1.Equals(System.Object)] Missing &lt;summary&gt; documentation
SHFB: Warning BE0066: ShowMissingComponent: [M:InMemoryDB.Field`1.Equals(System.Object)] Missing &lt;returns&gt; documentation
SHFB: Warning BE0066: ShowMissingComponent: [M:InMemoryDB.Field`1.Equals(System.Object)] Missing &lt;param name=&quot;o&quot;/&gt; documentation
SHFB: Warning BE0066: ShowMissingComponent: [M:InMemoryDB.Field`1.GetHashCode] Missing &lt;summary&gt; documentation
SHFB: Warning BE0066: ShowMissingComponent: [M:InMemoryDB.Field`1.GetHashCode] Missing &lt;returns&gt; documentation
SHFB: Warning BE0066: ShowMissingComponent: [M:InMemoryDB.Field`1.op_Equality(InMemoryDB.Field{`0},InMemoryDB.Field{`0})] Missing &lt;summary&gt; documentation
SHFB: Warning BE0066: ShowMissingComponent: [M:InMemoryDB.Field`1.op_Equality(InMemoryDB.Field{`0},InMemoryDB.Field{`0})] Missing &lt;returns&gt; documentation
SHFB: Warning BE0066: ShowMissingComponent: [M:InMemoryDB.Field`1.op_Equality(InMemoryDB.Field{`0},InMemoryDB.Field{`0})] Missing &lt;param name=&quot;a&quot;/&gt; documentation
SHFB: Warning BE0066: ShowMissingComponent: [M:InMemoryDB.Field`1.op_Equality(InMemoryDB.Field{`0},InMemoryDB.Field{`0})] Missing &lt;param name=&quot;b&quot;/&gt; documentation
SHFB: Warning BE0066: ShowMissingComponent: [M:InMemoryDB.Field`1.op_Inequality(InMemoryDB.Field{`0},InMemoryDB.Field{`0})] Missing &lt;summary&gt; documentation
SHFB: Warning BE0066: ShowMissingComponent: [M:InMemoryDB.Field`1.op_Inequality(InMemoryDB.Field{`0},InMemoryDB.Field{`0})] Missing &lt;returns&gt; documentation
SHFB: Warning BE0066: ShowMissingComponent: [M:InMemoryDB.Field`1.op_Inequality(InMemoryDB.Field{`0},InMemoryDB.Field{`0})] Missing &lt;param name=&quot;a&quot;/&gt; documentation
SHFB: Warning BE0066: ShowMissingComponent: [M:InMemoryDB.Field`1.op_Inequality(InMemoryDB.Field{`0},InMemoryDB.Field{`0})] Missing &lt;param name=&quot;b&quot;/&gt; documentation
Processed 43 topic(s)
24 warning(s)
CopyFromIndexComponent: &quot;reflection&quot; in-memory cache entries used: 4 of 15.
CopyFromIndexComponent: &quot;comments&quot; in-memory cache entries used: 3 of 30.
    Last step completed in 00:00:02,3545
</buildStep>
<buildStep step="CopyStandardHelpContent">
Copying standard help content...
C:\Program Files (x86)\EWSoftware\Sandcastle Help File Builder\Components\Markdown\media\AlertCaution.png -&gt; C:\Users\kuban\source\repos\InMemoryDB\InMemoryDB\Help\Working\Output\Markdown\media\AlertCaution.png
C:\Program Files (x86)\EWSoftware\Sandcastle Help File Builder\Components\Markdown\media\AlertLanguage.png -&gt; C:\Users\kuban\source\repos\InMemoryDB\InMemoryDB\Help\Working\Output\Markdown\media\AlertLanguage.png
C:\Program Files (x86)\EWSoftware\Sandcastle Help File Builder\Components\Markdown\media\AlertNote.png -&gt; C:\Users\kuban\source\repos\InMemoryDB\InMemoryDB\Help\Working\Output\Markdown\media\AlertNote.png
C:\Program Files (x86)\EWSoftware\Sandcastle Help File Builder\Components\Markdown\media\AlertSecurity.png -&gt; C:\Users\kuban\source\repos\InMemoryDB\InMemoryDB\Help\Working\Output\Markdown\media\AlertSecurity.png
C:\Program Files (x86)\EWSoftware\Sandcastle Help File Builder\Components\Markdown\media\AlertToDo.png -&gt; C:\Users\kuban\source\repos\InMemoryDB\InMemoryDB\Help\Working\Output\Markdown\media\AlertToDo.png
C:\Program Files (x86)\EWSoftware\Sandcastle Help File Builder\Components\Markdown\MarkdownContent\_Footer.md -&gt; C:\Users\kuban\source\repos\InMemoryDB\InMemoryDB\Help\Working\Output\Markdown\_Footer.md
    Last step completed in 00:00:00,0070
</buildStep>
<buildStep step="GenerateHelpProject">
Executing informational Generate Help Project build step for plug-ins (not used for Markdown)
    Last step completed in 00:00:00,0000
</buildStep>
<buildStep step="CompilingHelpFile">
Generating markdown content...
Finished generating 43 topics
Copying content to output folder...
Finished copying 51 files
    Last step completed in 00:00:00,2462
</buildStep>
<buildStep step="CleanIntermediates">
Removing intermediate files...
    Last step completed in 00:00:00,0090
</buildStep>
<buildStep step="Completed">

Build completed successfully at 23.09.2022 7:17:27.  Total time: 00:00:04,0351

</buildStep>
</shfbBuild>
